5	1	keyword	program
5	9	ident	sORT
5	13	sep	(
5	14	ident	INPUT
5	19	sep	,
5	21	ident	OUTPUT
5	27	sep	)
5	28	sep	;
6	5	keyword	const
8	9	ident	mAXeLTS
8	17	op	=
8	19	integer	50	50
8	21	sep	;
9	5	keyword	type
11	9	ident	iNTaRRtYPE
11	20	op	=
11	22	keyword	array
11	28	sep	[
11	29	integer	1	1
11	30	sep	..
11	32	ident	mAXeLTS
11	39	sep	]
11	41	keyword	of
11	44	ident	iNTEGER
11	51	sep	;
13	5	keyword	var
15	9	ident	I
15	10	sep	,
15	12	ident	J
15	13	sep	,
15	15	ident	TMP
15	18	sep	,
15	20	ident	SIZE
15	24	sep	:
15	26	ident	INTEGER
15	33	sep	;
18	9	ident	ARR
18	12	sep	:
18	14	ident	iNTaRRtYPE
18	24	sep	;
21	5	ident	procedure
21	15	ident	rEADaRR
21	22	sep	(
21	23	keyword	var
21	27	ident	SIZE
21	31	sep	:
21	33	ident	iNTEGER
21	40	sep	;
21	42	keyword	var
21	46	ident	A
21	47	sep	:
21	49	ident	iNTaRRtYPE
21	59	sep	)
21	60	sep	;
22	9	keyword	begin
23	13	ident	SIZE
23	18	op	:=
23	21	integer	1	1
23	22	sep	;
24	13	keyword	while
24	19	op	not
24	23	ident	EOF
24	27	keyword	do
24	30	keyword	begin
25	17	ident	READLN
25	23	sep	(
25	24	ident	A
25	25	sep	[
25	26	ident	SIZE
25	30	sep	]
25	31	sep	)
25	32	sep	;
26	17	keyword	if
26	20	op	not
26	24	ident	EOF
26	28	keyword	then
27	21	ident	SIZE
27	26	op	:=
27	29	ident	SIZE
27	34	op	+
27	36	integer	1	1
28	13	keyword	end
29	9	keyword	end
29	12	sep	;
31	5	keyword	begin
33	9	ident	rEADaRR
33	16	sep	(
33	17	ident	SIZE
33	21	sep	,
33	23	ident	ARR
33	26	sep	)
33	27	sep	;
36	9	keyword	for
36	13	ident	I
36	15	op	:=
36	18	ident	SIZE
36	23	op	-
36	25	integer	1	1
36	27	keyword	downto
36	34	integer	1	1
36	36	keyword	do
37	13	keyword	for
37	17	ident	J
37	19	op	:=
37	22	integer	1	1
37	24	keyword	to
37	27	ident	I
37	29	keyword	do
38	17	keyword	if
38	20	ident	ARR
38	23	sep	[
38	24	ident	J
38	25	sep	]
38	27	op	>=
38	30	ident	ARR
38	33	sep	[
38	34	ident	J
38	36	op	+
38	38	integer	1	1
38	39	sep	]
38	41	keyword	then
38	46	keyword	begin
39	21	ident	TMP
39	25	op	:=
39	28	ident	ARR
39	31	sep	[
39	32	ident	J
39	33	sep	]
39	34	sep	;
40	21	ident	ARR
40	24	sep	[
40	25	ident	J
40	26	sep	]
40	28	op	:=
40	31	ident	ARR
40	34	sep	[
40	35	ident	J
40	37	op	+
40	39	integer	1	1
40	40	sep	]
40	41	sep	;
41	21	ident	ARR
41	24	sep	[
41	25	ident	J
41	27	op	+
41	29	integer	1	1
41	30	sep	]
41	32	op	:=
41	35	ident	TMP
41	38	sep	;
42	17	keyword	end
42	20	sep	;
45	9	keyword	for
45	13	ident	I
45	15	op	:=
45	18	integer	1	1
45	20	keyword	to
45	23	ident	SIZE
45	28	keyword	do
46	13	ident	WRITELN
46	20	sep	(
46	21	ident	ARR
46	24	sep	[
46	25	ident	I
46	26	sep	]
46	27	sep	)
47	5	keyword	end
47	8	op	.
